<?xml version="1.0" encoding="UTF-8"?>
<robot generator="Robot 4.0.1 (Python 3.9.2 on win32)" generated="20210429 00:23:30.046" rpa="false" schemaversion="2">
<suite id="s1" name="Tests" source="C:\Users\Lenovo\PycharmProjects\WestWingNowAutomation\Testsuite\Tests.robot">
<test id="s1-t1" name="Test Scenario: Wishlist addition and deletion scenario">
<kw name="Launch Browser and accept cookies" library="Homepage">
<kw name="Open Browser" library="SeleniumLibrary">
<arg>${url}</arg>
<arg>${browser}</arg>
<doc>Opens a new browser instance to the optional ``url``.</doc>
<msg timestamp="20210429 00:23:30.346" level="INFO">Opening browser 'chrome' to base url 'https://www.westwingnow.de'.</msg>
<status status="PASS" starttime="20210429 00:23:30.346" endtime="20210429 00:23:38.122"/>
</kw>
<kw name="Set Selenium Implicit Wait" library="SeleniumLibrary">
<arg>${timeout}</arg>
<doc>Sets the implicit wait value used by Selenium.</doc>
<status status="PASS" starttime="20210429 00:23:38.122" endtime="20210429 00:23:38.122"/>
</kw>
<kw name="Wait Until Element Is Visible" library="SeleniumLibrary">
<arg>button_cookie</arg>
<doc>Waits until the element ``locator`` is visible.</doc>
<kw name="Capture Page Screenshot" library="SeleniumLibrary">
<doc>Takes a screenshot of the current page and embeds it into a log file.</doc>
<msg timestamp="20210429 00:23:48.812" level="INFO" html="true">&lt;/td&gt;&lt;/tr&gt;&lt;tr&gt;&lt;td colspan="3"&gt;&lt;a href="selenium-screenshot-8.png"&gt;&lt;img src="selenium-screenshot-8.png" width="800px"&gt;&lt;/a&gt;</msg>
<status status="PASS" starttime="20210429 00:23:48.346" endtime="20210429 00:23:48.812"/>
</kw>
<msg timestamp="20210429 00:23:48.814" level="FAIL">Element 'button_cookie' not visible after 5 seconds.</msg>
<status status="FAIL" starttime="20210429 00:23:38.122" endtime="20210429 00:23:48.814"/>
</kw>
<kw name="Click Element" library="SeleniumLibrary">
<arg>button_cookie</arg>
<doc>Click the element identified by ``locator``.</doc>
<status status="NOT RUN" starttime="20210429 00:23:48.814" endtime="20210429 00:23:48.814"/>
</kw>
<kw name="Maximize Browser Window" library="SeleniumLibrary">
<doc>Maximizes current browser window.</doc>
<status status="NOT RUN" starttime="20210429 00:23:48.814" endtime="20210429 00:23:48.814"/>
</kw>
<kw name="Log To Console" library="BuiltIn">
<arg>url launched and accepted cookies, browser maximized</arg>
<doc>Logs the given message to the console.</doc>
<status status="NOT RUN" starttime="20210429 00:23:48.814" endtime="20210429 00:23:48.815"/>
</kw>
<status status="FAIL" starttime="20210429 00:23:30.345" endtime="20210429 00:23:48.815"/>
</kw>
<kw name="SearchProduct" library="Homepage">
<status status="NOT RUN" starttime="20210429 00:23:48.815" endtime="20210429 00:23:48.815"/>
</kw>
<kw name="ValidateProductisListed" library="Productsearch">
<status status="NOT RUN" starttime="20210429 00:23:48.816" endtime="20210429 00:23:48.816"/>
</kw>
<kw name="ValidateProductisListPagetitle" library="Productsearch">
<status status="NOT RUN" starttime="20210429 00:23:48.816" endtime="20210429 00:23:48.816"/>
</kw>
<kw name="SelectListedProduct" library="Productsearch">
<status status="NOT RUN" starttime="20210429 00:23:48.817" endtime="20210429 00:23:48.817"/>
</kw>
<kw name="Login" library="Login">
<status status="NOT RUN" starttime="20210429 00:23:48.818" endtime="20210429 00:23:48.818"/>
</kw>
<kw name="VerifyWhishlistCount" library="Wishlist">
<status status="NOT RUN" starttime="20210429 00:23:48.818" endtime="20210429 00:23:48.818"/>
</kw>
<kw name="DeleteWishlistedProduct" library="Wishlist">
<status status="NOT RUN" starttime="20210429 00:23:48.819" endtime="20210429 00:23:48.819"/>
</kw>
<kw name="verifywishlistproductdeleted" library="Wishlist">
<status status="NOT RUN" starttime="20210429 00:23:48.819" endtime="20210429 00:23:48.819"/>
</kw>
<kw name="Close Browser" library="SeleniumLibrary" type="TEARDOWN">
<doc>Closes the current browser.</doc>
<status status="PASS" starttime="20210429 00:23:48.820" endtime="20210429 00:23:51.047"/>
</kw>
<doc>To verify product added to wishlist and removed from the wishlist</doc>
<tag>Functional</tag>
<status status="FAIL" starttime="20210429 00:23:30.344" endtime="20210429 00:23:51.047">Element 'button_cookie' not visible after 5 seconds.</status>
</test>
<doc>Testing WestWingnow Application</doc>
<status status="FAIL" starttime="20210429 00:23:30.048" endtime="20210429 00:23:51.047"/>
</suite>
<statistics>
<total>
<stat pass="0" fail="1" skip="0">All Tests</stat>
</total>
<tag>
<stat pass="0" fail="1" skip="0">Functional</stat>
</tag>
<suite>
<stat pass="0" fail="1" skip="0" id="s1" name="Tests">Tests</stat>
</suite>
</statistics>
<errors>
<msg timestamp="20210429 00:23:30.324" level="ERROR">Error in file 'C:\Users\Lenovo\PycharmProjects\WestWingNowAutomation\Resources\Homepage.robot' on line 3: Invalid resource file extension '.py'. Supported extensions are '.resource', '.robot', '.txt', '.tsv', '.rst' and '.rest'.</msg>
<msg timestamp="20210429 00:23:30.324" level="ERROR">Error in file 'C:\Users\Lenovo\PycharmProjects\WestWingNowAutomation\Resources\Homepage.robot' on line 4: Invalid resource file extension '.py'. Supported extensions are '.resource', '.robot', '.txt', '.tsv', '.rst' and '.rest'.</msg>
<msg timestamp="20210429 00:23:30.324" level="ERROR">Error in file 'C:\Users\Lenovo\PycharmProjects\WestWingNowAutomation\Resources\Login.robot' on line 3: Invalid resource file extension '.py'. Supported extensions are '.resource', '.robot', '.txt', '.tsv', '.rst' and '.rest'.</msg>
<msg timestamp="20210429 00:23:30.324" level="ERROR">Error in file 'C:\Users\Lenovo\PycharmProjects\WestWingNowAutomation\Resources\Login.robot' on line 4: Invalid resource file extension '.py'. Supported extensions are '.resource', '.robot', '.txt', '.tsv', '.rst' and '.rest'.</msg>
<msg timestamp="20210429 00:23:30.324" level="ERROR">Error in file 'C:\Users\Lenovo\PycharmProjects\WestWingNowAutomation\Resources\Productsearch.robot' on line 3: Invalid resource file extension '.py'. Supported extensions are '.resource', '.robot', '.txt', '.tsv', '.rst' and '.rest'.</msg>
<msg timestamp="20210429 00:23:30.324" level="ERROR">Error in file 'C:\Users\Lenovo\PycharmProjects\WestWingNowAutomation\Resources\Productsearch.robot' on line 4: Invalid resource file extension '.py'. Supported extensions are '.resource', '.robot', '.txt', '.tsv', '.rst' and '.rest'.</msg>
<msg timestamp="20210429 00:23:30.340" level="ERROR">Error in file 'C:\Users\Lenovo\PycharmProjects\WestWingNowAutomation\Resources\Wishlist.robot' on line 3: Invalid resource file extension '.py'. Supported extensions are '.resource', '.robot', '.txt', '.tsv', '.rst' and '.rest'.</msg>
<msg timestamp="20210429 00:23:30.342" level="ERROR">Error in file 'C:\Users\Lenovo\PycharmProjects\WestWingNowAutomation\Resources\Wishlist.robot' on line 4: Invalid resource file extension '.py'. Supported extensions are '.resource', '.robot', '.txt', '.tsv', '.rst' and '.rest'.</msg>
</errors>
</robot>
